Build started 26/06/2012 2:11:09.
     1>Project "D:\Kuliah\Semester 8\Grafika Komputer\Tugas Besar\Tugas-Besar_Kamar-Kost_Qu\KosanQu\KosanQu.vcxproj" on node 2 (build target(s)).
     1>InitializeBuildStatus:
         Creating "Debug\KosanQu.unsuccessfulbuild" because "AlwaysCreate" was specified.
       ClCompile:
         All outputs are up-to-date.
         c:\Program Files\Microsoft Visual Studio 10.0\VC\bin\CL.exe /c /ZI /nologo /W3 /WX- /Od /Oy- /D WIN32 /D _DEBUG /D _CONSOLE /D _UNICODE /D UNICODE /Gm /EHsc /RTC1 /MDd /GS /fp:precise /Zc:wchar_t /Zc:forScope /Yu"StdAfx.h" /Fp"Debug\KosanQu.pch" /Fo"Debug\\" /Fd"Debug\vc100.pdb" /Gd /TP /analyze- /errorReport:prompt KosanQu.cpp
         KosanQu.cpp
     1>d:\kuliah\semester 8\grafika komputer\tugas besar\tugas-besar_kamar-kost_qu\kosanqu\kosanqu.cpp(49): warning C4996: 'fopen': This function or variable may be unsafe. Consider using fopen_s instead. To disable deprecation, use _CRT_SECURE_NO_WARNINGS. See online help for details.
                 c:\program files\microsoft visual studio 10.0\vc\include\stdio.h(234) : see declaration of 'fopen'
       ManifestResourceCompile:
         All outputs are up-to-date.
       Link:
         c:\Program Files\Microsoft Visual Studio 10.0\VC\bin\link.exe /ERRORREPORT:PROMPT /OUT:"D:\Kuliah\Semester 8\Grafika Komputer\Tugas Besar\Tugas-Besar_Kamar-Kost_Qu\KosanQu\Debug\KosanQu.exe" /INCREMENTAL /NOLOGO kernel32.lib user32.lib gdi32.lib winspool.lib comdlg32.lib advapi32.lib shell32.lib ole32.lib oleaut32.lib uuid.lib odbc32.lib odbccp32.lib /MANIFEST /ManifestFile:"Debug\KosanQu.exe.intermediate.manifest" /MANIFESTUAC:"level='asInvoker' uiAccess='false'" /DEBUG /PDB:"D:\Kuliah\Semester 8\Grafika Komputer\Tugas Besar\Tugas-Besar_Kamar-Kost_Qu\KosanQu\Debug\KosanQu.pdb" /SUBSYSTEM:CONSOLE /TLBID:1 /DYNAMICBASE /NXCOMPAT /IMPLIB:"D:\Kuliah\Semester 8\Grafika Komputer\Tugas Besar\Tugas-Besar_Kamar-Kost_Qu\KosanQu\Debug\KosanQu.lib" /MACHINE:X86 Debug\KosanQu.exe.embed.manifest.res
         Debug\KosanQu.obj
         Debug\stdafx.obj
       Manifest:
         C:\Program Files\Microsoft SDKs\Windows\v7.0A\bin\mt.exe /nologo /verbose /out:"Debug\KosanQu.exe.embed.manifest" /manifest Debug\KosanQu.exe.intermediate.manifest
         All outputs are up-to-date.
       LinkEmbedManifest:
         All outputs are up-to-date.
         KosanQu.vcxproj -> D:\Kuliah\Semester 8\Grafika Komputer\Tugas Besar\Tugas-Besar_Kamar-Kost_Qu\KosanQu\Debug\KosanQu.exe
       FinalizeBuildStatus:
         Deleting file "Debug\KosanQu.unsuccessfulbuild".
         Touching "Debug\KosanQu.lastbuildstate".
     1>Done Building Project "D:\Kuliah\Semester 8\Grafika Komputer\Tugas Besar\Tugas-Besar_Kamar-Kost_Qu\KosanQu\KosanQu.vcxproj" (build target(s)).

Build succeeded.

Time Elapsed 00:00:01.31
